<?xml version="1.0" encoding="UTF-8"?>
<testsuite xmlns:xsi="http://www.w3.org/2001/XMLSchema-instance" xsi:noNamespaceSchemaLocation="https://maven.apache.org/surefire/maven-surefire-plugin/xsd/surefire-test-report-3.0.xsd" version="3.0" name="com.buffettinc.hrms.HrmsApplicationTests" time="3.079" tests="1" errors="0" skipped="0" failures="0">
  <properties>
[...]
</properties>
  <testcase name="contextLoads" classname="com.buffettinc.hrms.HrmsApplicationTests" time="0.006">
    <system-out><![CDATA[20:52:43.504 [main] INFO org.springframework.test.context.support.AnnotationConfigContextLoaderUtils -- Could not detect default configuration classes for test class [com.buffettinc.hrms.HrmsApplicationTests]: HrmsApplicationTests does not declare any static, non-private, non-final, nested classes annotated with @Configuration.
20:52:43.565 [main] INFO org.springframework.boot.test.context.SpringBootTestContextBootstrapper -- Found @SpringBootConfiguration com.buffettinc.hrms.HrmsApplication for test class com.buffettinc.hrms.HrmsApplicationTests

  .   ____          _            __ _ _
 /\\ / ___'_ __ _ _(_)_ __  __ _ \ \ \ \
( ( )\___ | '_ | '_| | '_ \/ _` | \ \ \ \
 \\/  ___)| |_)| | | | | || (_| |  ) ) ) )
  '  |____| .__|_| |_|_| |_\__, | / / / /
 =========|_|==============|___/=/_/_/_/
 :: Spring Boot ::                (v3.1.1)

2023-07-18T20:52:43.749-04:00  INFO 56365 --- [           main] c.buffettinc.hrms.HrmsApplicationTests   : Starting HrmsApplicationTests using Java 20.0.1 with PID 56365 (started by lincolnquick in /Users/lincolnquick/Documents/GitHub/hrms)
2023-07-18T20:52:43.750-04:00  INFO 56365 --- [           main] c.buffettinc.hrms.HrmsApplicationTests   : No active profile set, falling back to 1 default profile: "default"
2023-07-18T20:52:44.213-04:00  INFO 56365 --- [           main] .s.d.r.c.RepositoryConfigurationDelegate : Bootstrapping Spring Data JPA repositories in DEFAULT mode.
2023-07-18T20:52:44.272-04:00  INFO 56365 --- [           main] .s.d.r.c.RepositoryConfigurationDelegate : Finished Spring Data repository scanning in 54 ms. Found 20 JPA repository interfaces.
2023-07-18T20:52:44.533-04:00  INFO 56365 --- [           main] o.hibernate.jpa.internal.util.LogHelper  : HHH000204: Processing PersistenceUnitInfo [name: default]
2023-07-18T20:52:44.562-04:00  INFO 56365 --- [           main] org.hibernate.Version                    : HHH000412: Hibernate ORM core version 6.2.5.Final
2023-07-18T20:52:44.563-04:00  INFO 56365 --- [           main] org.hibernate.cfg.Environment            : HHH000406: Using bytecode reflection optimizer
2023-07-18T20:52:44.616-04:00 DEBUG 56365 --- [           main] org.hibernate.type.BasicTypeRegistry     : Adding type registration boolean -> org.hibernate.type.BasicTypeReference@319b1c77
2023-07-18T20:52:44.616-04:00 DEBUG 56365 --- [           main] org.hibernate.type.BasicTypeRegistry     : Adding type registration boolean -> org.hibernate.type.BasicTypeReference@319b1c77
2023-07-18T20:52:44.616-04:00 DEBUG 56365 --- [           main] org.hibernate.type.BasicTypeRegistry     : Adding type registration java.lang.Boolean -> org.hibernate.type.BasicTypeReference@319b1c77
2023-07-18T20:52:44.616-04:00 DEBUG 56365 --- [           main] org.hibernate.type.BasicTypeRegistry     : Adding type registration numeric_boolean -> org.hibernate.type.BasicTypeReference@584136c1
2023-07-18T20:52:44.616-04:00 DEBUG 56365 --- [           main] org.hibernate.type.BasicTypeRegistry     : Adding type registration org.hibernate.type.NumericBooleanConverter -> org.hibernate.type.BasicTypeReference@584136c1
2023-07-18T20:52:44.616-04:00 DEBUG 56365 --- [           main] org.hibernate.type.BasicTypeRegistry     : Adding type registration true_false -> org.hibernate.type.BasicTypeReference@51d88c38
2023-07-18T20:52:44.616-04:00 DEBUG 56365 --- [           main] org.hibernate.type.BasicTypeRegistry     : Adding type registration org.hibernate.type.TrueFalseConverter -> org.hibernate.type.BasicTypeReference@51d88c38
2023-07-18T20:52:44.616-04:00 DEBUG 56365 --- [           main] org.hibernate.type.BasicTypeRegistry     : Adding type registration yes_no -> org.hibernate.type.BasicTypeReference@3ea2f72e
2023-07-18T20:52:44.616-04:00 DEBUG 56365 --- [           main] org.hibernate.type.BasicTypeRegistry     : Adding type registration org.hibernate.type.YesNoConverter -> org.hibernate.type.BasicTypeReference@3ea2f72e
2023-07-18T20:52:44.616-04:00 DEBUG 56365 --- [           main] org.hibernate.type.BasicTypeRegistry     : Adding type registration byte -> org.hibernate.type.BasicTypeReference@57b33c29
2023-07-18T20:52:44.616-04:00 DEBUG 56365 --- [           main] org.hibernate.type.BasicTypeRegistry     : Adding type registration byte -> org.hibernate.type.BasicTypeReference@57b33c29
2023-07-18T20:52:44.617-04:00 DEBUG 56365 --- [           main] org.hibernate.type.BasicTypeRegistry     : Adding type registration java.lang.Byte -> org.hibernate.type.BasicTypeReference@57b33c29
2023-07-18T20:52:44.617-04:00 DEBUG 56365 --- [           main] org.hibernate.type.BasicTypeRegistry     : Adding type registration binary -> org.hibernate.type.BasicTypeReference@615ef20
2023-07-18T20:52:44.617-04:00 DEBUG 56365 --- [           main] org.hibernate.type.BasicTypeRegistry     : Adding type registration byte[] -> org.hibernate.type.BasicTypeReference@615ef20
2023-07-18T20:52:44.617-04:00 DEBUG 56365 --- [           main] org.hibernate.type.BasicTypeRegistry     : Adding type registration [B -> org.hibernate.type.BasicTypeReference@615ef20
2023-07-18T20:52:44.617-04:00 DEBUG 56365 --- [           main] org.hibernate.type.BasicTypeRegistry     : Adding type registration binary_wrapper -> org.hibernate.type.BasicTypeReference@13390a96
2023-07-18T20:52:44.617-04:00 DEBUG 56365 --- [           main] org.hibernate.type.BasicTypeRegistry     : Adding type registration wrapper-binary -> org.hibernate.type.BasicTypeReference@13390a96
2023-07-18T20:52:44.617-04:00 DEBUG 56365 --- [           main] org.hibernate.type.BasicTypeRegistry     : Adding type registration image -> org.hibernate.type.BasicTypeReference@3a8b9458
2023-07-18T20:52:44.617-04:00 DEBUG 56365 --- [           main] org.hibernate.type.BasicTypeRegistry     : Adding type registration blob -> org.hibernate.type.BasicTypeReference@7497a554
2023-07-18T20:52:44.617-04:00 DEBUG 56365 --- [           main] org.hibernate.type.BasicTypeRegistry     : Adding type registration java.sql.Blob -> org.hibernate.type.BasicTypeReference@7497a554
2023-07-18T20:52:44.617-04:00 DEBUG 56365 --- [           main] org.hibernate.type.BasicTypeRegistry     : Adding type registration materialized_blob -> org.hibernate.type.BasicTypeReference@5dd23809
2023-07-18T20:52:44.617-04:00 DEBUG 56365 --- [           main] org.hibernate.type.BasicTypeRegistry     : Adding type registration materialized_blob_wrapper -> org.hibernate.type.BasicTypeReference@664f49f
2023-07-18T20:52:44.617-04:00 DEBUG 56365 --- [           main] org.hibernate.type.BasicTypeRegistry     : Adding type registration short -> org.hibernate.type.BasicTypeReference@60ab895f
2023-07-18T20:52:44.617-04:00 DEBUG 56365 --- [           main] org.hibernate.type.BasicTypeRegistry     : Adding type registration short -> org.hibernate.type.BasicTypeReference@60ab895f
2023-07-18T20:52:44.617-04:00 DEBUG 56365 --- [           main] org.hibernate.type.BasicTypeRegistry     : Adding type registration java.lang.Short -> org.hibernate.type.BasicTypeReference@60ab895f
2023-07-18T20:52:44.617-04:00 DEBUG 56365 --- [           main] org.hibernate.type.BasicTypeRegistry     : Adding type registration integer -> org.hibernate.type.BasicTypeReference@295f2d1b
2023-07-18T20:52:44.617-04:00 DEBUG 56365 --- [           main] org.hibernate.type.BasicTypeRegistry     : Adding type registration int -> org.hibernate.type.BasicTypeReference@295f2d1b
2023-07-18T20:52:44.617-04:00 DEBUG 56365 --- [           main] org.hibernate.type.BasicTypeRegistry     : Adding type registration java.lang.Integer -> org.hibernate.type.BasicTypeReference@295f2d1b
2023-07-18T20:52:44.617-04:00 DEBUG 56365 --- [           main] org.hibernate.type.BasicTypeRegistry     : Adding type registration long -> org.hibernate.type.BasicTypeReference@65015a49
2023-07-18T20:52:44.617-04:00 DEBUG 56365 --- [           main] org.hibernate.type.BasicTypeRegistry     : Adding type registration long -> org.hibernate.type.BasicTypeReference@65015a49
2023-07-18T20:52:44.617-04:00 DEBUG 56365 --- [           main] org.hibernate.type.BasicTypeRegistry     : Adding type registration java.lang.Long -> org.hibernate.type.BasicTypeReference@65015a49
2023-07-18T20:52:44.617-04:00 DEBUG 56365 --- [           main] org.hibernate.type.BasicTypeRegistry     : Adding type registration float -> org.hibernate.type.BasicTypeReference@44e08a7a
2023-07-18T20:52:44.617-04:00 DEBUG 56365 --- [           main] org.hibernate.type.BasicTypeRegistry     : Adding type registration float -> org.hibernate.type.BasicTypeReference@44e08a7a
2023-07-18T20:52:44.617-04:00 DEBUG 56365 --- [           main] org.hibernate.type.BasicTypeRegistry     : Adding type registration java.lang.Float -> org.hibernate.type.BasicTypeReference@44e08a7a
2023-07-18T20:52:44.617-04:00 DEBUG 56365 --- [           main] org.hibernate.type.BasicTypeRegistry     : Adding type registration double -> org.hibernate.type.BasicTypeReference@78bd02c8
2023-07-18T20:52:44.617-04:00 DEBUG 56365 --- [           main] org.hibernate.type.BasicTypeRegistry     : Adding type registration double -> org.hibernate.type.BasicTypeReference@78bd02c8
2023-07-18T20:52:44.618-04:00 DEBUG 56365 --- [           main] org.hibernate.type.BasicTypeRegistry     : Adding type registration java.lang.Double -> org.hibernate.type.BasicTypeReference@78bd02c8
2023-07-18T20:52:44.618-04:00 DEBUG 56365 --- [           main] org.hibernate.type.BasicTypeRegistry     : Adding type registration big_integer -> org.hibernate.type.BasicTypeReference@28dacf31
2023-07-18T20:52:44.618-04:00 DEBUG 56365 --- [           main] org.hibernate.type.BasicTypeRegistry     : Adding type registration java.math.BigInteger -> org.hibernate.type.BasicTypeReference@28dacf31
2023-07-18T20:52:44.618-04:00 DEBUG 56365 --- [           main] org.hibernate.type.BasicTypeRegistry     : Adding type registration big_decimal -> org.hibernate.type.BasicTypeReference@47e60b71
2023-07-18T20:52:44.618-04:00 DEBUG 56365 --- [           main] org.hibernate.type.BasicTypeRegistry     : Adding type registration java.math.BigDecimal -> org.hibernate.type.BasicTypeReference@47e60b71
2023-07-18T20:52:44.618-04:00 DEBUG 56365 --- [           main] org.hibernate.type.BasicTypeRegistry     : Adding type registration character -> org.hibernate.type.BasicTypeReference@795faad
2023-07-18T20:52:44.618-04:00 DEBUG 56365 --- [           main] org.hibernate.type.BasicTypeRegistry     : Adding type registration char -> org.hibernate.type.BasicTypeReference@795faad
2023-07-18T20:52:44.618-04:00 DEBUG 56365 --- [           main] org.hibernate.type.BasicTypeRegistry     : Adding type registration java.lang.Character -> org.hibernate.type.BasicTypeReference@795faad
2023-07-18T20:52:44.618-04:00 DEBUG 56365 --- [           main] org.hibernate.type.BasicTypeRegistry     : Adding type registration character_nchar -> org.hibernate.type.BasicTypeReference@17ae13d5
2023-07-18T20:52:44.618-04:00 DEBUG 56365 --- [           main] org.hibernate.type.BasicTypeRegistry     : Adding type registration string -> org.hibernate.type.BasicTypeReference@69f3e556
2023-07-18T20:52:44.618-04:00 DEBUG 56365 --- [           main] org.hibernate.type.BasicTypeRegistry     : Adding type registration java.lang.String -> org.hibernate.type.BasicTypeReference@69f3e556
2023-07-18T20:52:44.618-04:00 DEBUG 56365 --- [           main] org.hibernate.type.BasicTypeRegistry     : Adding type registration nstring -> org.hibernate.type.BasicTypeReference@1eb9d69a
2023-07-18T20:52:44.618-04:00 DEBUG 56365 --- [           main] org.hibernate.type.BasicTypeRegistry     : Adding type registration characters -> org.hibernate.type.BasicTypeReference@36511772
2023-07-18T20:52:44.618-04:00 DEBUG 56365 --- [           main] org.hibernate.type.BasicTypeRegistry     : Adding type registration char[] -> org.hibernate.type.BasicTypeReference@36511772
2023-07-18T20:52:44.618-04:00 DEBUG 56365 --- [           main] org.hibernate.type.BasicTypeRegistry     : Adding type registration [C -> org.hibernate.type.BasicTypeReference@36511772
2023-07-18T20:52:44.618-04:00 DEBUG 56365 --- [           main] org.hibernate.type.BasicTypeRegistry     : Adding type registration wrapper-characters -> org.hibernate.type.BasicTypeReference@51869ad6
2023-07-18T20:52:44.618-04:00 DEBUG 56365 --- [           main] org.hibernate.type.BasicTypeRegistry     : Adding type registration text -> org.hibernate.type.BasicTypeReference@27a90ce5
2023-07-18T20:52:44.618-04:00 DEBUG 56365 --- [           main] org.hibernate.type.BasicTypeRegistry     : Adding type registration ntext -> org.hibernate.type.BasicTypeReference@77f4038c
2023-07-18T20:52:44.618-04:00 DEBUG 56365 --- [           main] org.hibernate.type.BasicTypeRegistry     : Adding type registration clob -> org.hibernate.type.BasicTypeReference@49a06087
2023-07-18T20:52:44.618-04:00 DEBUG 56365 --- [           main] org.hibernate.type.BasicTypeRegistry     : Adding type registration java.sql.Clob -> org.hibernate.type.BasicTypeReference@49a06087
2023-07-18T20:52:44.618-04:00 DEBUG 56365 --- [           main] org.hibernate.type.BasicTypeRegistry     : Adding type registration nclob -> org.hibernate.type.BasicTypeReference@2c15034f
2023-07-18T20:52:44.618-04:00 DEBUG 56365 --- [           main] org.hibernate.type.BasicTypeRegistry     : Adding type registration java.sql.NClob -> org.hibernate.type.BasicTypeReference@2c15034f
2023-07-18T20:52:44.618-04:00 DEBUG 56365 --- [           main] org.hibernate.type.BasicTypeRegistry     : Adding type registration materialized_clob -> org.hibernate.type.BasicTypeReference@43b4ec0c
2023-07-18T20:52:44.618-04:00 DEBUG 56365 --- [           main] org.hibernate.type.BasicTypeRegistry     : Adding type registration materialized_clob_char_array -> org.hibernate.type.BasicTypeReference@148b6f95
2023-07-18T20:52:44.618-04:00 DEBUG 56365 --- [           main] org.hibernate.type.BasicTypeRegistry     : Adding type registration materialized_clob_character_array -> org.hibernate.type.BasicTypeReference@5ee581db
2023-07-18T20:52:44.618-04:00 DEBUG 56365 --- [           main] org.hibernate.type.BasicTypeRegistry     : Adding type registration materialized_nclob -> org.hibernate.type.BasicTypeReference@5a6efe33
2023-07-18T20:52:44.618-04:00 DEBUG 56365 --- [           main] org.hibernate.type.BasicTypeRegistry     : Adding type registration materialized_nclob_character_array -> org.hibernate.type.BasicTypeReference@3e5ebdfe
2023-07-18T20:52:44.619-04:00 DEBUG 56365 --- [           main] org.hibernate.type.BasicTypeRegistry     : Adding type registration materialized_nclob_char_array -> org.hibernate.type.BasicTypeReference@71668a67
2023-07-18T20:52:44.619-04:00 DEBUG 56365 --- [           main] org.hibernate.type.BasicTypeRegistry     : Adding type registration Duration -> org.hibernate.type.BasicTypeReference@3ff26c9
2023-07-18T20:52:44.619-04:00 DEBUG 56365 --- [           main] org.hibernate.type.BasicTypeRegistry     : Adding type registration java.time.Duration -> org.hibernate.type.BasicTypeReference@3ff26c9
2023-07-18T20:52:44.619-04:00 DEBUG 56365 --- [           main] org.hibernate.type.BasicTypeRegistry     : Adding type registration LocalDateTime -> org.hibernate.type.BasicTypeReference@2ecdcfe3
2023-07-18T20:52:44.619-04:00 DEBUG 56365 --- [           main] org.hibernate.type.BasicTypeRegistry     : Adding type registration java.time.LocalDateTime -> org.hibernate.type.BasicTypeReference@2ecdcfe3
2023-07-18T20:52:44.619-04:00 DEBUG 56365 --- [           main] org.hibernate.type.BasicTypeRegistry     : Adding type registration LocalDate -> org.hibernate.type.BasicTypeReference@65b73689
2023-07-18T20:52:44.619-04:00 DEBUG 56365 --- [           main] org.hibernate.type.BasicTypeRegistry     : Adding type registration java.time.LocalDate -> org.hibernate.type.BasicTypeReference@65b73689
2023-07-18T20:52:44.619-04:00 DEBUG 56365 --- [           main] org.hibernate.type.BasicTypeRegistry     : Adding type registration LocalTime -> org.hibernate.type.BasicTypeReference@2047adea
2023-07-18T20:52:44.619-04:00 DEBUG 56365 --- [           main] org.hibernate.type.BasicTypeRegistry     : Adding type registration java.time.LocalTime -> org.hibernate.type.BasicTypeReference@2047adea
2023-07-18T20:52:44.619-04:00 DEBUG 56365 --- [           main] org.hibernate.type.BasicTypeRegistry     : Adding type registration OffsetDateTime -> org.hibernate.type.BasicTypeReference@5af40e45
2023-07-18T20:52:44.619-04:00 DEBUG 56365 --- [           main] org.hibernate.type.BasicTypeRegistry     : Adding type registration java.time.OffsetDateTime -> org.hibernate.type.BasicTypeReference@5af40e45
2023-07-18T20:52:44.619-04:00 DEBUG 56365 --- [           main] org.hibernate.type.BasicTypeRegistry     : Adding type registration OffsetDateTimeWithTimezone -> org.hibernate.type.BasicTypeReference@1a06602f
2023-07-18T20:52:44.619-04:00 DEBUG 56365 --- [           main] org.hibernate.type.BasicTypeRegistry     : Adding type registration OffsetDateTimeWithoutTimezone -> org.hibernate.type.BasicTypeReference@46591e98
2023-07-18T20:52:44.619-04:00 DEBUG 56365 --- [           main] org.hibernate.type.BasicTypeRegistry     : Adding type registration OffsetTime -> org.hibernate.type.BasicTypeReference@5b6cc344
2023-07-18T20:52:44.619-04:00 DEBUG 56365 --- [           main] org.hibernate.type.BasicTypeRegistry     : Adding type registration java.time.OffsetTime -> org.hibernate.type.BasicTypeReference@5b6cc344
2023-07-18T20:52:44.619-04:00 DEBUG 56365 --- [           main] org.hibernate.type.BasicTypeRegistry     : Adding type registration OffsetTimeUtc -> org.hibernate.type.BasicTypeReference@2110684a
2023-07-18T20:52:44.619-04:00 DEBUG 56365 --- [           main] org.hibernate.type.BasicTypeRegistry     : Adding type registration OffsetTimeWithTimezone -> org.hibernate.type.BasicTypeReference@83e635f
2023-07-18T20:52:44.619-04:00 DEBUG 56365 --- [           main] org.hibernate.type.BasicTypeRegistry     : Adding type registration OffsetTimeWithoutTimezone -> org.hibernate.type.BasicTypeReference@61d011e
2023-07-18T20:52:44.619-04:00 DEBUG 56365 --- [           main] org.hibernate.type.BasicTypeRegistry     : Adding type registration ZonedDateTime -> org.hibernate.type.BasicTypeReference@3b56947a
2023-07-18T20:52:44.619-04:00 DEBUG 56365 --- [           main] org.hibernate.type.BasicTypeRegistry     : Adding type registration java.time.ZonedDateTime -> org.hibernate.type.BasicTypeReference@3b56947a
2023-07-18T20:52:44.619-04:00 DEBUG 56365 --- [           main] org.hibernate.type.BasicTypeRegistry     : Adding type registration ZonedDateTimeWithTimezone -> org.hibernate.type.BasicTypeReference@1926f962
2023-07-18T20:52:44.620-04:00 DEBUG 56365 --- [           main] org.hibernate.type.BasicTypeRegistry     : Adding type registration ZonedDateTimeWithoutTimezone -> org.hibernate.type.BasicTypeReference@62794582
2023-07-18T20:52:44.620-04:00 DEBUG 56365 --- [           main] org.hibernate.type.BasicTypeRegistry     : Adding type registration date -> org.hibernate.type.BasicTypeReference@c82ad22
2023-07-18T20:52:44.620-04:00 DEBUG 56365 --- [           main] org.hibernate.type.BasicTypeRegistry     : Adding type registration java.sql.Date -> org.hibernate.type.BasicTypeReference@c82ad22
2023-07-18T20:52:44.620-04:00 DEBUG 56365 --- [           main] org.hibernate.type.BasicTypeRegistry     : Adding type registration time -> org.hibernate.type.BasicTypeReference@3f80d8c
2023-07-18T20:52:44.620-04:00 DEBUG 56365 --- [           main] org.hibernate.type.BasicTypeRegistry     : Adding type registration java.sql.Time -> org.hibernate.type.BasicTypeReference@3f80d8c
2023-07-18T20:52:44.620-04:00 DEBUG 56365 --- [           main] org.hibernate.type.BasicTypeRegistry     : Adding type registration timestamp -> org.hibernate.type.BasicTypeReference@2d3b0978
2023-07-18T20:52:44.620-04:00 DEBUG 56365 --- [           main] org.hibernate.type.BasicTypeRegistry     : Adding type registration java.sql.Timestamp -> org.hibernate.type.BasicTypeReference@2d3b0978
2023-07-18T20:52:44.620-04:00 DEBUG 56365 --- [           main] org.hibernate.type.BasicTypeRegistry     : Adding type registration java.util.Date -> org.hibernate.type.BasicTypeReference@2d3b0978
2023-07-18T20:52:44.620-04:00 DEBUG 56365 --- [           main] org.hibernate.type.BasicTypeRegistry     : Adding type registration calendar -> org.hibernate.type.BasicTypeReference@5c60c08
2023-07-18T20:52:44.620-04:00 DEBUG 56365 --- [           main] org.hibernate.type.BasicTypeRegistry     : Adding type registration java.util.Calendar -> org.hibernate.type.BasicTypeReference@5c60c08
2023-07-18T20:52:44.620-04:00 DEBUG 56365 --- [           main] org.hibernate.type.BasicTypeRegistry     : Adding type registration java.util.GregorianCalendar -> org.hibernate.type.BasicTypeReference@5c60c08
2023-07-18T20:52:44.620-04:00 DEBUG 56365 --- [           main] org.hibernate.type.BasicTypeRegistry     : Adding type registration calendar_date -> org.hibernate.type.BasicTypeReference@1cb44a2f
2023-07-18T20:52:44.620-04:00 DEBUG 56365 --- [           main] org.hibernate.type.BasicTypeRegistry     : Adding type registration calendar_time -> org.hibernate.type.BasicTypeReference@5fe3b058
2023-07-18T20:52:44.620-04:00 DEBUG 56365 --- [           main] org.hibernate.type.BasicTypeRegistry     : Adding type registration instant -> org.hibernate.type.BasicTypeReference@2a661215
2023-07-18T20:52:44.620-04:00 DEBUG 56365 --- [           main] org.hibernate.type.BasicTypeRegistry     : Adding type registration java.time.Instant -> org.hibernate.type.BasicTypeReference@2a661215
2023-07-18T20:52:44.620-04:00 DEBUG 56365 --- [           main] org.hibernate.type.BasicTypeRegistry     : Adding type registration uuid -> org.hibernate.type.BasicTypeReference@1f75fd1d
2023-07-18T20:52:44.620-04:00 DEBUG 56365 --- [           main] org.hibernate.type.BasicTypeRegistry     : Adding type registration java.util.UUID -> org.hibernate.type.BasicTypeReference@1f75fd1d
2023-07-18T20:52:44.620-04:00 DEBUG 56365 --- [           main] org.hibernate.type.BasicTypeRegistry     : Adding type registration pg-uuid -> org.hibernate.type.BasicTypeReference@1f75fd1d
2023-07-18T20:52:44.620-04:00 DEBUG 56365 --- [           main] org.hibernate.type.BasicTypeRegistry     : Adding type registration uuid-binary -> org.hibernate.type.BasicTypeReference@212e39ee
2023-07-18T20:52:44.620-04:00 DEBUG 56365 --- [           main] org.hibernate.type.BasicTypeRegistry     : Adding type registration uuid-char -> org.hibernate.type.BasicTypeReference@638d2ce3
2023-07-18T20:52:44.620-04:00 DEBUG 56365 --- [           main] org.hibernate.type.BasicTypeRegistry     : Adding type registration class -> org.hibernate.type.BasicTypeReference@79617c3d
2023-07-18T20:52:44.620-04:00 DEBUG 56365 --- [           main] org.hibernate.type.BasicTypeRegistry     : Adding type registration java.lang.Class -> org.hibernate.type.BasicTypeReference@79617c3d
2023-07-18T20:52:44.620-04:00 DEBUG 56365 --- [           main] org.hibernate.type.BasicTypeRegistry     : Adding type registration currency -> org.hibernate.type.BasicTypeReference@49cceb19
2023-07-18T20:52:44.620-04:00 DEBUG 56365 --- [           main] org.hibernate.type.BasicTypeRegistry     : Adding type registration Currency -> org.hibernate.type.BasicTypeReference@49cceb19
2023-07-18T20:52:44.620-04:00 DEBUG 56365 --- [           main] org.hibernate.type.BasicTypeRegistry     : Adding type registration java.util.Currency -> org.hibernate.type.BasicTypeReference@49cceb19
2023-07-18T20:52:44.620-04:00 DEBUG 56365 --- [           main] org.hibernate.type.BasicTypeRegistry     : Adding type registration locale -> org.hibernate.type.BasicTypeReference@197d5a87
2023-07-18T20:52:44.620-04:00 DEBUG 56365 --- [           main] org.hibernate.type.BasicTypeRegistry     : Adding type registration java.util.Locale -> org.hibernate.type.BasicTypeReference@197d5a87
2023-07-18T20:52:44.620-04:00 DEBUG 56365 --- [           main] org.hibernate.type.BasicTypeRegistry     : Adding type registration serializable -> org.hibernate.type.BasicTypeReference@131d977f
2023-07-18T20:52:44.620-04:00 DEBUG 56365 --- [           main] org.hibernate.type.BasicTypeRegistry     : Adding type registration java.io.Serializable -> org.hibernate.type.BasicTypeReference@131d977f
2023-07-18T20:52:44.620-04:00 DEBUG 56365 --- [           main] org.hibernate.type.BasicTypeRegistry     : Adding type registration timezone -> org.hibernate.type.BasicTypeReference@616f81b5
2023-07-18T20:52:44.621-04:00 DEBUG 56365 --- [           main] org.hibernate.type.BasicTypeRegistry     : Adding type registration java.util.TimeZone -> org.hibernate.type.BasicTypeReference@616f81b5
2023-07-18T20:52:44.621-04:00 DEBUG 56365 --- [           main] org.hibernate.type.BasicTypeRegistry     : Adding type registration ZoneOffset -> org.hibernate.type.BasicTypeReference@4f552aa2
2023-07-18T20:52:44.621-04:00 DEBUG 56365 --- [           main] org.hibernate.type.BasicTypeRegistry     : Adding type registration java.time.ZoneOffset -> org.hibernate.type.BasicTypeReference@4f552aa2
2023-07-18T20:52:44.621-04:00 DEBUG 56365 --- [           main] org.hibernate.type.BasicTypeRegistry     : Adding type registration url -> org.hibernate.type.BasicTypeReference@3c8fe8ad
2023-07-18T20:52:44.621-04:00 DEBUG 56365 --- [           main] org.hibernate.type.BasicTypeRegistry     : Adding type registration java.net.URL -> org.hibernate.type.BasicTypeReference@3c8fe8ad
2023-07-18T20:52:44.621-04:00 DEBUG 56365 --- [           main] org.hibernate.type.BasicTypeRegistry     : Adding type registration row_version -> org.hibernate.type.BasicTypeReference@43d6262c
2023-07-18T20:52:44.624-04:00 DEBUG 56365 --- [           main] org.hibernate.type.BasicTypeRegistry     : Adding type registration object -> org.hibernate.type.JavaObjectType@17f41739
2023-07-18T20:52:44.624-04:00 DEBUG 56365 --- [           main] org.hibernate.type.BasicTypeRegistry     : Adding type registration java.lang.Object -> org.hibernate.type.JavaObjectType@17f41739
2023-07-18T20:52:44.624-04:00 DEBUG 56365 --- [           main] org.hibernate.type.BasicTypeRegistry     : Adding type registration null -> org.hibernate.type.NullType@2a2798a2
2023-07-18T20:52:44.624-04:00 DEBUG 56365 --- [           main] org.hibernate.type.BasicTypeRegistry     : Adding type registration imm_date -> org.hibernate.type.BasicTypeReference@2b9ecd05
2023-07-18T20:52:44.624-04:00 DEBUG 56365 --- [           main] org.hibernate.type.BasicTypeRegistry     : Adding type registration imm_time -> org.hibernate.type.BasicTypeReference@31f1b268
2023-07-18T20:52:44.624-04:00 DEBUG 56365 --- [           main] org.hibernate.type.BasicTypeRegistry     : Adding type registration imm_timestamp -> org.hibernate.type.BasicTypeReference@2833c093
2023-07-18T20:52:44.624-04:00 DEBUG 56365 --- [           main] org.hibernate.type.BasicTypeRegistry     : Adding type registration imm_calendar -> org.hibernate.type.BasicTypeReference@7598d675
2023-07-18T20:52:44.624-04:00 DEBUG 56365 --- [           main] org.hibernate.type.BasicTypeRegistry     : Adding type registration imm_calendar_date -> org.hibernate.type.BasicTypeReference@4946485c
2023-07-18T20:52:44.624-04:00 DEBUG 56365 --- [           main] org.hibernate.type.BasicTypeRegistry     : Adding type registration imm_calendar_time -> org.hibernate.type.BasicTypeReference@4ae958b0
2023-07-18T20:52:44.624-04:00 DEBUG 56365 --- [           main] org.hibernate.type.BasicTypeRegistry     : Adding type registration imm_binary -> org.hibernate.type.BasicTypeReference@7c682e26
2023-07-18T20:52:44.624-04:00 DEBUG 56365 --- [           main] org.hibernate.type.BasicTypeRegistry     : Adding type registration imm_serializable -> org.hibernate.type.BasicTypeReference@4ff074a0
2023-07-18T20:52:44.636-04:00  INFO 56365 --- [           main] o.h.b.i.BytecodeProviderInitiator        : HHH000021: Bytecode provider name : bytebuddy
2023-07-18T20:52:44.640-04:00  INFO 56365 --- [           main] o.s.o.j.p.SpringPersistenceUnitInfo      : No LoadTimeWeaver setup: ignoring JPA class transformer
2023-07-18T20:52:44.650-04:00  INFO 56365 --- [           main] com.zaxxer.hikari.HikariDataSource       : HikariPool-1 - Starting...
2023-07-18T20:52:44.790-04:00  INFO 56365 --- [           main] com.zaxxer.hikari.pool.HikariPool        : HikariPool-1 - Added connection com.mysql.cj.jdbc.ConnectionImpl@7e2a76be
2023-07-18T20:52:44.790-04:00  INFO 56365 --- [           main] com.zaxxer.hikari.HikariDataSource       : HikariPool-1 - Start completed.
2023-07-18T20:52:44.818-04:00  WARN 56365 --- [           main] org.hibernate.orm.deprecation            : HHH90000026: MySQL8Dialect has been deprecated; use org.hibernate.dialect.MySQLDialect instead
2023-07-18T20:52:44.830-04:00 DEBUG 56365 --- [           main] o.h.t.d.sql.spi.DdlTypeRegistry          : addDescriptor(12, org.hibernate.type.descriptor.sql.internal.CapacityDependentDdlType@44618fe6) replaced previous registration(org.hibernate.type.descriptor.sql.internal.CapacityDependentDdlType@2b15ba1a)
2023-07-18T20:52:44.831-04:00 DEBUG 56365 --- [           main] o.h.t.d.sql.spi.DdlTypeRegistry          : addDescriptor(-9, org.hibernate.type.descriptor.sql.internal.CapacityDependentDdlType@796fe2b5) replaced previous registration(org.hibernate.type.descriptor.sql.internal.CapacityDependentDdlType@5a6af2c4)
2023-07-18T20:52:44.831-04:00 DEBUG 56365 --- [           main] o.h.t.d.sql.spi.DdlTypeRegistry          : addDescriptor(-3, org.hibernate.type.descriptor.sql.internal.CapacityDependentDdlType@123c48d0) replaced previous registration(org.hibernate.type.descriptor.sql.internal.CapacityDependentDdlType@14fff5e7)
2023-07-18T20:52:44.831-04:00 DEBUG 56365 --- [           main] o.h.t.d.sql.spi.DdlTypeRegistry          : addDescriptor(4003, org.hibernate.type.descriptor.sql.internal.DdlTypeImpl@1203d787) replaced previous registration(org.hibernate.type.descriptor.sql.internal.DdlTypeImpl@1f72fbd1)
2023-07-18T20:52:44.831-04:00 DEBUG 56365 --- [           main] o.h.t.d.sql.spi.DdlTypeRegistry          : addDescriptor(4001, org.hibernate.type.descriptor.sql.internal.DdlTypeImpl@6f785a27) replaced previous registration(org.hibernate.type.descriptor.sql.internal.DdlTypeImpl@443dae2)
2023-07-18T20:52:44.831-04:00 DEBUG 56365 --- [           main] o.h.t.d.sql.spi.DdlTypeRegistry          : addDescriptor(4002, org.hibernate.type.descriptor.sql.internal.DdlTypeImpl@8f09a02) replaced previous registration(org.hibernate.type.descriptor.sql.internal.DdlTypeImpl@5454be)
2023-07-18T20:52:44.831-04:00 DEBUG 56365 --- [           main] o.h.t.d.sql.spi.DdlTypeRegistry          : addDescriptor(2004, org.hibernate.type.descriptor.sql.internal.CapacityDependentDdlType@2dd08ff1) replaced previous registration(org.hibernate.type.descriptor.sql.internal.DdlTypeImpl@37dec463)
2023-07-18T20:52:44.831-04:00 DEBUG 56365 --- [           main] o.h.t.d.sql.spi.DdlTypeRegistry          : addDescriptor(2005, org.hibernate.type.descriptor.sql.internal.CapacityDependentDdlType@3bf26810) replaced previous registration(org.hibernate.type.descriptor.sql.internal.DdlTypeImpl@19213a74)
2023-07-18T20:52:44.831-04:00 DEBUG 56365 --- [           main] o.h.t.d.sql.spi.DdlTypeRegistry          : addDescriptor(2011, org.hibernate.type.descriptor.sql.internal.CapacityDependentDdlType@30a791a6) replaced previous registration(org.hibernate.type.descriptor.sql.internal.DdlTypeImpl@719bb60d)
2023-07-18T20:52:44.831-04:00 DEBUG 56365 --- [           main] o.h.t.d.jdbc.spi.JdbcTypeRegistry        : addDescriptor(NCharTypeDescriptor) replaced previous registration(CharTypeDescriptor)
2023-07-18T20:52:44.831-04:00 DEBUG 56365 --- [           main] o.h.t.d.jdbc.spi.JdbcTypeRegistry        : addDescriptor(NVarcharTypeDescriptor) replaced previous registration(VarcharTypeDescriptor)
2023-07-18T20:52:44.831-04:00 DEBUG 56365 --- [           main] o.h.t.d.jdbc.spi.JdbcTypeRegistry        : addDescriptor(LongNVarcharTypeDescriptor) replaced previous registration(LongVarcharTypeDescriptor)
2023-07-18T20:52:44.832-04:00 DEBUG 56365 --- [           main] o.h.t.d.jdbc.spi.JdbcTypeRegistry        : addDescriptor(NClobTypeDescriptor(DEFAULT)) replaced previous registration(ClobTypeDescriptor(DEFAULT))
2023-07-18T20:52:44.832-04:00 DEBUG 56365 --- [           main] o.h.t.d.jdbc.spi.JdbcTypeRegistry        : addDescriptor(2005, ClobTypeDescriptor(STREAM_BINDING)) replaced previous registration(ClobTypeDescriptor(DEFAULT))
2023-07-18T20:52:44.833-04:00 DEBUG 56365 --- [           main] org.hibernate.type.BasicTypeRegistry     : Adding type registration null -> org.hibernate.type.NullType@3e55eeb9
2023-07-18T20:52:44.833-04:00 DEBUG 56365 --- [           main] org.hibernate.type.BasicTypeRegistry     : Type registration key [null] overrode previous entry : `org.hibernate.type.NullType@2a2798a2`
2023-07-18T20:52:44.836-04:00 DEBUG 56365 --- [           main] org.hibernate.type.BasicTypeRegistry     : Adding type registration org.hibernate.type.OffsetDateTimeType -> basicType@1(java.time.OffsetDateTime,3003)
2023-07-18T20:52:44.836-04:00 DEBUG 56365 --- [           main] org.hibernate.type.BasicTypeRegistry     : Adding type registration OffsetDateTime -> basicType@1(java.time.OffsetDateTime,3003)
2023-07-18T20:52:44.836-04:00 DEBUG 56365 --- [           main] org.hibernate.type.BasicTypeRegistry     : Adding type registration java.time.OffsetDateTime -> basicType@1(java.time.OffsetDateTime,3003)
2023-07-18T20:52:44.836-04:00 DEBUG 56365 --- [           main] org.hibernate.type.BasicTypeRegistry     : Adding type registration org.hibernate.type.ZonedDateTimeType -> basicType@2(java.time.ZonedDateTime,3003)
2023-07-18T20:52:44.836-04:00 DEBUG 56365 --- [           main] org.hibernate.type.BasicTypeRegistry     : Adding type registration ZonedDateTime -> basicType@2(java.time.ZonedDateTime,3003)
2023-07-18T20:52:44.836-04:00 DEBUG 56365 --- [           main] org.hibernate.type.BasicTypeRegistry     : Adding type registration java.time.ZonedDateTime -> basicType@2(java.time.ZonedDateTime,3003)
2023-07-18T20:52:44.836-04:00 DEBUG 56365 --- [           main] org.hibernate.type.BasicTypeRegistry     : Adding type registration org.hibernate.type.OffsetTimeType -> basicType@3(java.time.OffsetTime,3007)
2023-07-18T20:52:44.836-04:00 DEBUG 56365 --- [           main] org.hibernate.type.BasicTypeRegistry     : Adding type registration OffsetTime -> basicType@3(java.time.OffsetTime,3007)
2023-07-18T20:52:44.836-04:00 DEBUG 56365 --- [           main] org.hibernate.type.BasicTypeRegistry     : Adding type registration java.time.OffsetTime -> basicType@3(java.time.OffsetTime,3007)
2023-07-18T20:52:44.837-04:00 DEBUG 56365 --- [           main] o.h.type.spi.TypeConfiguration$Scope     : Scoping TypeConfiguration [org.hibernate.type.spi.TypeConfiguration@22f046b] to MetadataBuildingContext [org.hibernate.boot.internal.MetadataBuildingContextRootImpl@215a329c]
2023-07-18T20:52:44.908-04:00  WARN 56365 --- [           main] o.h.boot.model.internal.EntityBinder     : HHH000139: Illegal use of @Table in a subclass of a SINGLE_TABLE hierarchy: com.buffettinc.hrms.model.employee.Accountant
2023-07-18T20:52:44.910-04:00  WARN 56365 --- [           main] o.h.boot.model.internal.EntityBinder     : HHH000139: Illegal use of @Table in a subclass of a SINGLE_TABLE hierarchy: com.buffettinc.hrms.model.employee.HRStaff
2023-07-18T20:52:44.913-04:00  WARN 56365 --- [           main] o.h.boot.model.internal.EntityBinder     : HHH000139: Illegal use of @Table in a subclass of a SINGLE_TABLE hierarchy: com.buffettinc.hrms.model.employee.Manager
2023-07-18T20:52:44.986-04:00  INFO 56365 --- [           main] o.h.b.i.BytecodeProviderInitiator        : HHH000021: Bytecode provider name : bytebuddy
2023-07-18T20:52:45.381-04:00  INFO 56365 --- [           main] o.h.e.t.j.p.i.JtaPlatformInitiator       : HHH000490: Using JtaPlatform implementation: [org.hibernate.engine.transaction.jta.platform.internal.NoJtaPlatform]
2023-07-18T20:52:45.382-04:00 DEBUG 56365 --- [           main] o.h.type.spi.TypeConfiguration$Scope     : Scoping TypeConfiguration [org.hibernate.type.spi.TypeConfiguration@22f046b] to SessionFactoryImplementor [org.hibernate.internal.SessionFactoryImpl@2a41d17a]
2023-07-18T20:52:45.437-04:00 DEBUG 56365 --- [           main] org.hibernate.SQL                        : alter table message modify column timestamp  datetime(6)
Hibernate: alter table message modify column timestamp  datetime(6)
2023-07-18T20:52:45.469-04:00 DEBUG 56365 --- [           main] org.hibernate.SQL                        : alter table notification modify column timestamp  datetime(6)
Hibernate: alter table notification modify column timestamp  datetime(6)
2023-07-18T20:52:45.476-04:00 DEBUG 56365 --- [           main] org.hibernate.SQL                        : alter table payment modify column amount  float(23)
Hibernate: alter table payment modify column amount  float(23)
2023-07-18T20:52:45.480-04:00 DEBUG 56365 --- [           main] org.hibernate.SQL                        : alter table payroll modify column hourly_rate  float(23)
Hibernate: alter table payroll modify column hourly_rate  float(23)
2023-07-18T20:52:45.487-04:00 DEBUG 56365 --- [           main] org.hibernate.SQL                        : alter table ptobalance modify column personal  float(23)
Hibernate: alter table ptobalance modify column personal  float(23)
2023-07-18T20:52:45.492-04:00 DEBUG 56365 --- [           main] org.hibernate.SQL                        : alter table ptobalance modify column sick  float(23)
Hibernate: alter table ptobalance modify column sick  float(23)
2023-07-18T20:52:45.495-04:00 DEBUG 56365 --- [           main] org.hibernate.SQL                        : alter table ptobalance modify column vacation  float(23)
Hibernate: alter table ptobalance modify column vacation  float(23)
2023-07-18T20:52:45.500-04:00 DEBUG 56365 --- [           main] org.hibernate.SQL                        : alter table shift_entry modify column end  datetime(6)
Hibernate: alter table shift_entry modify column end  datetime(6)
2023-07-18T20:52:45.502-04:00 DEBUG 56365 --- [           main] org.hibernate.SQL                        : alter table shift_entry modify column start  datetime(6)
Hibernate: alter table shift_entry modify column start  datetime(6)
2023-07-18T20:52:45.595-04:00 TRACE 56365 --- [           main] o.h.type.spi.TypeConfiguration$Scope     : Handling #sessionFactoryCreated from [org.hibernate.internal.SessionFactoryImpl@2a41d17a] for TypeConfiguration
2023-07-18T20:52:45.595-04:00  INFO 56365 --- [           main] j.LocalContainerEntityManagerFactoryBean : Initialized JPA EntityManagerFactory for persistence unit 'default'
2023-07-18T20:52:46.031-04:00  WARN 56365 --- [           main] JpaBaseConfiguration$JpaWebConfiguration : spring.jpa.open-in-view is enabled by default. Therefore, database queries may be performed during view rendering. Explicitly configure spring.jpa.open-in-view to disable this warning
2023-07-18T20:52:46.114-04:00  INFO 56365 --- [           main] o.s.b.a.w.s.WelcomePageHandlerMapping    : Adding welcome page template: index
2023-07-18T20:52:46.288-04:00  WARN 56365 --- [           main] .s.s.UserDetailsServiceAutoConfiguration : 

Using generated security password: f40c540d-b777-41d8-93e1-64e7309f4bc8

This generated password is for development use only. Your security configuration must be updated before running your application in production.

2023-07-18T20:52:46.346-04:00  INFO 56365 --- [           main] o.s.b.a.e.web.EndpointLinksResolver      : Exposing 1 endpoint(s) beneath base path '/actuator'
2023-07-18T20:52:46.354-04:00  INFO 56365 --- [           main] o.s.s.web.DefaultSecurityFilterChain     : Will secure any request with [org.springframework.security.web.session.DisableEncodeUrlFilter@6114ed6f, org.springframework.security.web.context.request.async.WebAsyncManagerIntegrationFilter@3c1133ad, org.springframework.security.web.context.SecurityContextHolderFilter@76b35c38, org.springframework.security.web.header.HeaderWriterFilter@5165783c, org.springframework.web.filter.CorsFilter@30f929ff, org.springframework.security.web.csrf.CsrfFilter@5d685156, org.springframework.security.web.authentication.logout.LogoutFilter@72ab75c, org.springframework.security.web.authentication.UsernamePasswordAuthenticationFilter@2c59b9f4, org.springframework.security.web.authentication.ui.DefaultLoginPageGeneratingFilter@1fd226da, org.springframework.security.web.authentication.ui.DefaultLogoutPageGeneratingFilter@49d4a2cf, org.springframework.security.web.authentication.www.BasicAuthenticationFilter@238fcafa, org.springframework.security.web.savedrequest.RequestCacheAwareFilter@af27e00, org.springframework.security.web.servletapi.SecurityContextHolderAwareRequestFilter@46ebfc09, org.springframework.security.web.authentication.AnonymousAuthenticationFilter@fed510f, org.springframework.security.web.access.ExceptionTranslationFilter@4d23b242, org.springframework.security.web.access.intercept.AuthorizationFilter@611c1f92]
2023-07-18T20:52:46.432-04:00  INFO 56365 --- [           main] c.buffettinc.hrms.HrmsApplicationTests   : Started HrmsApplicationTests in 2.803 seconds (process running for 4.037)
]]></system-out>
  </testcase>
</testsuite>