<?xml version="1.0" encoding="UTF-8"?>
<testsuite xmlns:xsi="http://www.w3.org/2001/XMLSchema-instance" xsi:noNamespaceSchemaLocation="https://maven.apache.org/surefire/maven-surefire-plugin/xsd/surefire-test-report-3.0.xsd" version="3.0" name="com.buffettinc.hrms.HrmsApplicationTests" time="2.908" tests="1" errors="0" skipped="0" failures="0">
  <properties>
[...]
</properties>
  <testcase name="contextLoads" classname="com.buffettinc.hrms.HrmsApplicationTests" time="0.006">
    <system-out><![CDATA[21:28:16.494 [main] INFO org.springframework.test.context.support.AnnotationConfigContextLoaderUtils -- Could not detect default configuration classes for test class [com.buffettinc.hrms.HrmsApplicationTests]: HrmsApplicationTests does not declare any static, non-private, non-final, nested classes annotated with @Configuration.
21:28:16.558 [main] INFO org.springframework.boot.test.context.SpringBootTestContextBootstrapper -- Found @SpringBootConfiguration com.buffettinc.hrms.HrmsApplication for test class com.buffettinc.hrms.HrmsApplicationTests

  .   ____          _            __ _ _
 /\\ / ___'_ __ _ _(_)_ __  __ _ \ \ \ \
( ( )\___ | '_ | '_| | '_ \/ _` | \ \ \ \
 \\/  ___)| |_)| | | | | || (_| |  ) ) ) )
  '  |____| .__|_| |_|_| |_\__, | / / / /
 =========|_|==============|___/=/_/_/_/
 :: Spring Boot ::                (v3.1.1)

2023-07-16T21:28:16.746-04:00  INFO 33815 --- [           main] c.buffettinc.hrms.HrmsApplicationTests   : Starting HrmsApplicationTests using Java 20.0.1 with PID 33815 (started by lincolnquick in /Users/lincolnquick/Documents/GitHub/IST412Project/hrms)
2023-07-16T21:28:16.747-04:00  INFO 33815 --- [           main] c.buffettinc.hrms.HrmsApplicationTests   : No active profile set, falling back to 1 default profile: "default"
2023-07-16T21:28:17.072-04:00  INFO 33815 --- [           main] .s.d.r.c.RepositoryConfigurationDelegate : Bootstrapping Spring Data JPA repositories in DEFAULT mode.
2023-07-16T21:28:17.126-04:00  INFO 33815 --- [           main] .s.d.r.c.RepositoryConfigurationDelegate : Finished Spring Data repository scanning in 51 ms. Found 20 JPA repository interfaces.
2023-07-16T21:28:17.406-04:00  INFO 33815 --- [           main] o.hibernate.jpa.internal.util.LogHelper  : HHH000204: Processing PersistenceUnitInfo [name: default]
2023-07-16T21:28:17.436-04:00  INFO 33815 --- [           main] org.hibernate.Version                    : HHH000412: Hibernate ORM core version 6.2.5.Final
2023-07-16T21:28:17.437-04:00  INFO 33815 --- [           main] org.hibernate.cfg.Environment            : HHH000406: Using bytecode reflection optimizer
2023-07-16T21:28:17.488-04:00 DEBUG 33815 --- [           main] org.hibernate.type.BasicTypeRegistry     : Adding type registration boolean -> org.hibernate.type.BasicTypeReference@376498da
2023-07-16T21:28:17.488-04:00 DEBUG 33815 --- [           main] org.hibernate.type.BasicTypeRegistry     : Adding type registration boolean -> org.hibernate.type.BasicTypeReference@376498da
2023-07-16T21:28:17.488-04:00 DEBUG 33815 --- [           main] org.hibernate.type.BasicTypeRegistry     : Adding type registration java.lang.Boolean -> org.hibernate.type.BasicTypeReference@376498da
2023-07-16T21:28:17.488-04:00 DEBUG 33815 --- [           main] org.hibernate.type.BasicTypeRegistry     : Adding type registration numeric_boolean -> org.hibernate.type.BasicTypeReference@39a8e2fa
2023-07-16T21:28:17.488-04:00 DEBUG 33815 --- [           main] org.hibernate.type.BasicTypeRegistry     : Adding type registration org.hibernate.type.NumericBooleanConverter -> org.hibernate.type.BasicTypeReference@39a8e2fa
2023-07-16T21:28:17.488-04:00 DEBUG 33815 --- [           main] org.hibernate.type.BasicTypeRegistry     : Adding type registration true_false -> org.hibernate.type.BasicTypeReference@2f9addd4
2023-07-16T21:28:17.488-04:00 DEBUG 33815 --- [           main] org.hibernate.type.BasicTypeRegistry     : Adding type registration org.hibernate.type.TrueFalseConverter -> org.hibernate.type.BasicTypeReference@2f9addd4
2023-07-16T21:28:17.488-04:00 DEBUG 33815 --- [           main] org.hibernate.type.BasicTypeRegistry     : Adding type registration yes_no -> org.hibernate.type.BasicTypeReference@1c43df76
2023-07-16T21:28:17.488-04:00 DEBUG 33815 --- [           main] org.hibernate.type.BasicTypeRegistry     : Adding type registration org.hibernate.type.YesNoConverter -> org.hibernate.type.BasicTypeReference@1c43df76
2023-07-16T21:28:17.488-04:00 DEBUG 33815 --- [           main] org.hibernate.type.BasicTypeRegistry     : Adding type registration byte -> org.hibernate.type.BasicTypeReference@ff2266c
2023-07-16T21:28:17.488-04:00 DEBUG 33815 --- [           main] org.hibernate.type.BasicTypeRegistry     : Adding type registration byte -> org.hibernate.type.BasicTypeReference@ff2266c
2023-07-16T21:28:17.488-04:00 DEBUG 33815 --- [           main] org.hibernate.type.BasicTypeRegistry     : Adding type registration java.lang.Byte -> org.hibernate.type.BasicTypeReference@ff2266c
2023-07-16T21:28:17.488-04:00 DEBUG 33815 --- [           main] org.hibernate.type.BasicTypeRegistry     : Adding type registration binary -> org.hibernate.type.BasicTypeReference@71b3ba5a
2023-07-16T21:28:17.488-04:00 DEBUG 33815 --- [           main] org.hibernate.type.BasicTypeRegistry     : Adding type registration byte[] -> org.hibernate.type.BasicTypeReference@71b3ba5a
2023-07-16T21:28:17.488-04:00 DEBUG 33815 --- [           main] org.hibernate.type.BasicTypeRegistry     : Adding type registration [B -> org.hibernate.type.BasicTypeReference@71b3ba5a
2023-07-16T21:28:17.489-04:00 DEBUG 33815 --- [           main] org.hibernate.type.BasicTypeRegistry     : Adding type registration binary_wrapper -> org.hibernate.type.BasicTypeReference@83ebdc5
2023-07-16T21:28:17.489-04:00 DEBUG 33815 --- [           main] org.hibernate.type.BasicTypeRegistry     : Adding type registration wrapper-binary -> org.hibernate.type.BasicTypeReference@83ebdc5
2023-07-16T21:28:17.489-04:00 DEBUG 33815 --- [           main] org.hibernate.type.BasicTypeRegistry     : Adding type registration image -> org.hibernate.type.BasicTypeReference@a047bdb
2023-07-16T21:28:17.489-04:00 DEBUG 33815 --- [           main] org.hibernate.type.BasicTypeRegistry     : Adding type registration blob -> org.hibernate.type.BasicTypeReference@14dbfdb1
2023-07-16T21:28:17.489-04:00 DEBUG 33815 --- [           main] org.hibernate.type.BasicTypeRegistry     : Adding type registration java.sql.Blob -> org.hibernate.type.BasicTypeReference@14dbfdb1
2023-07-16T21:28:17.489-04:00 DEBUG 33815 --- [           main] org.hibernate.type.BasicTypeRegistry     : Adding type registration materialized_blob -> org.hibernate.type.BasicTypeReference@7856f41a
2023-07-16T21:28:17.489-04:00 DEBUG 33815 --- [           main] org.hibernate.type.BasicTypeRegistry     : Adding type registration materialized_blob_wrapper -> org.hibernate.type.BasicTypeReference@5fbae40
2023-07-16T21:28:17.489-04:00 DEBUG 33815 --- [           main] org.hibernate.type.BasicTypeRegistry     : Adding type registration short -> org.hibernate.type.BasicTypeReference@2c08c787
2023-07-16T21:28:17.489-04:00 DEBUG 33815 --- [           main] org.hibernate.type.BasicTypeRegistry     : Adding type registration short -> org.hibernate.type.BasicTypeReference@2c08c787
2023-07-16T21:28:17.489-04:00 DEBUG 33815 --- [           main] org.hibernate.type.BasicTypeRegistry     : Adding type registration java.lang.Short -> org.hibernate.type.BasicTypeReference@2c08c787
2023-07-16T21:28:17.489-04:00 DEBUG 33815 --- [           main] org.hibernate.type.BasicTypeRegistry     : Adding type registration integer -> org.hibernate.type.BasicTypeReference@67f591c2
2023-07-16T21:28:17.489-04:00 DEBUG 33815 --- [           main] org.hibernate.type.BasicTypeRegistry     : Adding type registration int -> org.hibernate.type.BasicTypeReference@67f591c2
2023-07-16T21:28:17.489-04:00 DEBUG 33815 --- [           main] org.hibernate.type.BasicTypeRegistry     : Adding type registration java.lang.Integer -> org.hibernate.type.BasicTypeReference@67f591c2
2023-07-16T21:28:17.489-04:00 DEBUG 33815 --- [           main] org.hibernate.type.BasicTypeRegistry     : Adding type registration long -> org.hibernate.type.BasicTypeReference@284c4f02
2023-07-16T21:28:17.489-04:00 DEBUG 33815 --- [           main] org.hibernate.type.BasicTypeRegistry     : Adding type registration long -> org.hibernate.type.BasicTypeReference@284c4f02
2023-07-16T21:28:17.489-04:00 DEBUG 33815 --- [           main] org.hibernate.type.BasicTypeRegistry     : Adding type registration java.lang.Long -> org.hibernate.type.BasicTypeReference@284c4f02
2023-07-16T21:28:17.489-04:00 DEBUG 33815 --- [           main] org.hibernate.type.BasicTypeRegistry     : Adding type registration float -> org.hibernate.type.BasicTypeReference@709d6de5
2023-07-16T21:28:17.489-04:00 DEBUG 33815 --- [           main] org.hibernate.type.BasicTypeRegistry     : Adding type registration float -> org.hibernate.type.BasicTypeReference@709d6de5
2023-07-16T21:28:17.489-04:00 DEBUG 33815 --- [           main] org.hibernate.type.BasicTypeRegistry     : Adding type registration java.lang.Float -> org.hibernate.type.BasicTypeReference@709d6de5
2023-07-16T21:28:17.489-04:00 DEBUG 33815 --- [           main] org.hibernate.type.BasicTypeRegistry     : Adding type registration double -> org.hibernate.type.BasicTypeReference@1a43a88e
2023-07-16T21:28:17.489-04:00 DEBUG 33815 --- [           main] org.hibernate.type.BasicTypeRegistry     : Adding type registration double -> org.hibernate.type.BasicTypeReference@1a43a88e
2023-07-16T21:28:17.489-04:00 DEBUG 33815 --- [           main] org.hibernate.type.BasicTypeRegistry     : Adding type registration java.lang.Double -> org.hibernate.type.BasicTypeReference@1a43a88e
2023-07-16T21:28:17.489-04:00 DEBUG 33815 --- [           main] org.hibernate.type.BasicTypeRegistry     : Adding type registration big_integer -> org.hibernate.type.BasicTypeReference@51f34185
2023-07-16T21:28:17.489-04:00 DEBUG 33815 --- [           main] org.hibernate.type.BasicTypeRegistry     : Adding type registration java.math.BigInteger -> org.hibernate.type.BasicTypeReference@51f34185
2023-07-16T21:28:17.489-04:00 DEBUG 33815 --- [           main] org.hibernate.type.BasicTypeRegistry     : Adding type registration big_decimal -> org.hibernate.type.BasicTypeReference@1b8d20e6
2023-07-16T21:28:17.489-04:00 DEBUG 33815 --- [           main] org.hibernate.type.BasicTypeRegistry     : Adding type registration java.math.BigDecimal -> org.hibernate.type.BasicTypeReference@1b8d20e6
2023-07-16T21:28:17.489-04:00 DEBUG 33815 --- [           main] org.hibernate.type.BasicTypeRegistry     : Adding type registration character -> org.hibernate.type.BasicTypeReference@e49437
2023-07-16T21:28:17.489-04:00 DEBUG 33815 --- [           main] org.hibernate.type.BasicTypeRegistry     : Adding type registration char -> org.hibernate.type.BasicTypeReference@e49437
2023-07-16T21:28:17.489-04:00 DEBUG 33815 --- [           main] org.hibernate.type.BasicTypeRegistry     : Adding type registration java.lang.Character -> org.hibernate.type.BasicTypeReference@e49437
2023-07-16T21:28:17.489-04:00 DEBUG 33815 --- [           main] org.hibernate.type.BasicTypeRegistry     : Adding type registration character_nchar -> org.hibernate.type.BasicTypeReference@7645b7d
2023-07-16T21:28:17.490-04:00 DEBUG 33815 --- [           main] org.hibernate.type.BasicTypeRegistry     : Adding type registration string -> org.hibernate.type.BasicTypeReference@4c50cd7d
2023-07-16T21:28:17.490-04:00 DEBUG 33815 --- [           main] org.hibernate.type.BasicTypeRegistry     : Adding type registration java.lang.String -> org.hibernate.type.BasicTypeReference@4c50cd7d
2023-07-16T21:28:17.490-04:00 DEBUG 33815 --- [           main] org.hibernate.type.BasicTypeRegistry     : Adding type registration nstring -> org.hibernate.type.BasicTypeReference@3ea84e01
2023-07-16T21:28:17.490-04:00 DEBUG 33815 --- [           main] org.hibernate.type.BasicTypeRegistry     : Adding type registration characters -> org.hibernate.type.BasicTypeReference@1a4930cf
2023-07-16T21:28:17.490-04:00 DEBUG 33815 --- [           main] org.hibernate.type.BasicTypeRegistry     : Adding type registration char[] -> org.hibernate.type.BasicTypeReference@1a4930cf
2023-07-16T21:28:17.490-04:00 DEBUG 33815 --- [           main] org.hibernate.type.BasicTypeRegistry     : Adding type registration [C -> org.hibernate.type.BasicTypeReference@1a4930cf
2023-07-16T21:28:17.490-04:00 DEBUG 33815 --- [           main] org.hibernate.type.BasicTypeRegistry     : Adding type registration wrapper-characters -> org.hibernate.type.BasicTypeReference@3fd33f48
2023-07-16T21:28:17.490-04:00 DEBUG 33815 --- [           main] org.hibernate.type.BasicTypeRegistry     : Adding type registration text -> org.hibernate.type.BasicTypeReference@75a226ea
2023-07-16T21:28:17.490-04:00 DEBUG 33815 --- [           main] org.hibernate.type.BasicTypeRegistry     : Adding type registration ntext -> org.hibernate.type.BasicTypeReference@986b619
2023-07-16T21:28:17.490-04:00 DEBUG 33815 --- [           main] org.hibernate.type.BasicTypeRegistry     : Adding type registration clob -> org.hibernate.type.BasicTypeReference@5a1a20ae
2023-07-16T21:28:17.490-04:00 DEBUG 33815 --- [           main] org.hibernate.type.BasicTypeRegistry     : Adding type registration java.sql.Clob -> org.hibernate.type.BasicTypeReference@5a1a20ae
2023-07-16T21:28:17.490-04:00 DEBUG 33815 --- [           main] org.hibernate.type.BasicTypeRegistry     : Adding type registration nclob -> org.hibernate.type.BasicTypeReference@7c956dda
2023-07-16T21:28:17.490-04:00 DEBUG 33815 --- [           main] org.hibernate.type.BasicTypeRegistry     : Adding type registration java.sql.NClob -> org.hibernate.type.BasicTypeReference@7c956dda
2023-07-16T21:28:17.490-04:00 DEBUG 33815 --- [           main] org.hibernate.type.BasicTypeRegistry     : Adding type registration materialized_clob -> org.hibernate.type.BasicTypeReference@186481d4
2023-07-16T21:28:17.490-04:00 DEBUG 33815 --- [           main] org.hibernate.type.BasicTypeRegistry     : Adding type registration materialized_clob_char_array -> org.hibernate.type.BasicTypeReference@24eecabf
2023-07-16T21:28:17.490-04:00 DEBUG 33815 --- [           main] org.hibernate.type.BasicTypeRegistry     : Adding type registration materialized_clob_character_array -> org.hibernate.type.BasicTypeReference@2ffa91dc
2023-07-16T21:28:17.490-04:00 DEBUG 33815 --- [           main] org.hibernate.type.BasicTypeRegistry     : Adding type registration materialized_nclob -> org.hibernate.type.BasicTypeReference@78d6c244
2023-07-16T21:28:17.490-04:00 DEBUG 33815 --- [           main] org.hibernate.type.BasicTypeRegistry     : Adding type registration materialized_nclob_character_array -> org.hibernate.type.BasicTypeReference@448086ab
2023-07-16T21:28:17.490-04:00 DEBUG 33815 --- [           main] org.hibernate.type.BasicTypeRegistry     : Adding type registration materialized_nclob_char_array -> org.hibernate.type.BasicTypeReference@16e907b6
2023-07-16T21:28:17.490-04:00 DEBUG 33815 --- [           main] org.hibernate.type.BasicTypeRegistry     : Adding type registration Duration -> org.hibernate.type.BasicTypeReference@6de610c6
2023-07-16T21:28:17.490-04:00 DEBUG 33815 --- [           main] org.hibernate.type.BasicTypeRegistry     : Adding type registration java.time.Duration -> org.hibernate.type.BasicTypeReference@6de610c6
2023-07-16T21:28:17.490-04:00 DEBUG 33815 --- [           main] org.hibernate.type.BasicTypeRegistry     : Adding type registration LocalDateTime -> org.hibernate.type.BasicTypeReference@23ec2bdc
2023-07-16T21:28:17.490-04:00 DEBUG 33815 --- [           main] org.hibernate.type.BasicTypeRegistry     : Adding type registration java.time.LocalDateTime -> org.hibernate.type.BasicTypeReference@23ec2bdc
2023-07-16T21:28:17.490-04:00 DEBUG 33815 --- [           main] org.hibernate.type.BasicTypeRegistry     : Adding type registration LocalDate -> org.hibernate.type.BasicTypeReference@631944d4
2023-07-16T21:28:17.490-04:00 DEBUG 33815 --- [           main] org.hibernate.type.BasicTypeRegistry     : Adding type registration java.time.LocalDate -> org.hibernate.type.BasicTypeReference@631944d4
2023-07-16T21:28:17.490-04:00 DEBUG 33815 --- [           main] org.hibernate.type.BasicTypeRegistry     : Adding type registration LocalTime -> org.hibernate.type.BasicTypeReference@3d132bb6
2023-07-16T21:28:17.490-04:00 DEBUG 33815 --- [           main] org.hibernate.type.BasicTypeRegistry     : Adding type registration java.time.LocalTime -> org.hibernate.type.BasicTypeReference@3d132bb6
2023-07-16T21:28:17.490-04:00 DEBUG 33815 --- [           main] org.hibernate.type.BasicTypeRegistry     : Adding type registration OffsetDateTime -> org.hibernate.type.BasicTypeReference@60ae7cf2
2023-07-16T21:28:17.490-04:00 DEBUG 33815 --- [           main] org.hibernate.type.BasicTypeRegistry     : Adding type registration java.time.OffsetDateTime -> org.hibernate.type.BasicTypeReference@60ae7cf2
2023-07-16T21:28:17.490-04:00 DEBUG 33815 --- [           main] org.hibernate.type.BasicTypeRegistry     : Adding type registration OffsetDateTimeWithTimezone -> org.hibernate.type.BasicTypeReference@225e09f0
2023-07-16T21:28:17.491-04:00 DEBUG 33815 --- [           main] org.hibernate.type.BasicTypeRegistry     : Adding type registration OffsetDateTimeWithoutTimezone -> org.hibernate.type.BasicTypeReference@bc8d68b
2023-07-16T21:28:17.491-04:00 DEBUG 33815 --- [           main] org.hibernate.type.BasicTypeRegistry     : Adding type registration OffsetTime -> org.hibernate.type.BasicTypeReference@2fa212df
2023-07-16T21:28:17.491-04:00 DEBUG 33815 --- [           main] org.hibernate.type.BasicTypeRegistry     : Adding type registration java.time.OffsetTime -> org.hibernate.type.BasicTypeReference@2fa212df
2023-07-16T21:28:17.491-04:00 DEBUG 33815 --- [           main] org.hibernate.type.BasicTypeRegistry     : Adding type registration OffsetTimeUtc -> org.hibernate.type.BasicTypeReference@3cf8a235
2023-07-16T21:28:17.491-04:00 DEBUG 33815 --- [           main] org.hibernate.type.BasicTypeRegistry     : Adding type registration OffsetTimeWithTimezone -> org.hibernate.type.BasicTypeReference@6e3b2dd3
2023-07-16T21:28:17.491-04:00 DEBUG 33815 --- [           main] org.hibernate.type.BasicTypeRegistry     : Adding type registration OffsetTimeWithoutTimezone -> org.hibernate.type.BasicTypeReference@238ad211
2023-07-16T21:28:17.491-04:00 DEBUG 33815 --- [           main] org.hibernate.type.BasicTypeRegistry     : Adding type registration ZonedDateTime -> org.hibernate.type.BasicTypeReference@1c011855
2023-07-16T21:28:17.491-04:00 DEBUG 33815 --- [           main] org.hibernate.type.BasicTypeRegistry     : Adding type registration java.time.ZonedDateTime -> org.hibernate.type.BasicTypeReference@1c011855
2023-07-16T21:28:17.491-04:00 DEBUG 33815 --- [           main] org.hibernate.type.BasicTypeRegistry     : Adding type registration ZonedDateTimeWithTimezone -> org.hibernate.type.BasicTypeReference@6591f8ea
2023-07-16T21:28:17.491-04:00 DEBUG 33815 --- [           main] org.hibernate.type.BasicTypeRegistry     : Adding type registration ZonedDateTimeWithoutTimezone -> org.hibernate.type.BasicTypeReference@5273143e
2023-07-16T21:28:17.491-04:00 DEBUG 33815 --- [           main] org.hibernate.type.BasicTypeRegistry     : Adding type registration date -> org.hibernate.type.BasicTypeReference@279c4e3b
2023-07-16T21:28:17.491-04:00 DEBUG 33815 --- [           main] org.hibernate.type.BasicTypeRegistry     : Adding type registration java.sql.Date -> org.hibernate.type.BasicTypeReference@279c4e3b
2023-07-16T21:28:17.491-04:00 DEBUG 33815 --- [           main] org.hibernate.type.BasicTypeRegistry     : Adding type registration time -> org.hibernate.type.BasicTypeReference@334b392d
2023-07-16T21:28:17.491-04:00 DEBUG 33815 --- [           main] org.hibernate.type.BasicTypeRegistry     : Adding type registration java.sql.Time -> org.hibernate.type.BasicTypeReference@334b392d
2023-07-16T21:28:17.491-04:00 DEBUG 33815 --- [           main] org.hibernate.type.BasicTypeRegistry     : Adding type registration timestamp -> org.hibernate.type.BasicTypeReference@59f7c106
2023-07-16T21:28:17.491-04:00 DEBUG 33815 --- [           main] org.hibernate.type.BasicTypeRegistry     : Adding type registration java.sql.Timestamp -> org.hibernate.type.BasicTypeReference@59f7c106
2023-07-16T21:28:17.491-04:00 DEBUG 33815 --- [           main] org.hibernate.type.BasicTypeRegistry     : Adding type registration java.util.Date -> org.hibernate.type.BasicTypeReference@59f7c106
2023-07-16T21:28:17.491-04:00 DEBUG 33815 --- [           main] org.hibernate.type.BasicTypeRegistry     : Adding type registration calendar -> org.hibernate.type.BasicTypeReference@136fece2
2023-07-16T21:28:17.491-04:00 DEBUG 33815 --- [           main] org.hibernate.type.BasicTypeRegistry     : Adding type registration java.util.Calendar -> org.hibernate.type.BasicTypeReference@136fece2
2023-07-16T21:28:17.491-04:00 DEBUG 33815 --- [           main] org.hibernate.type.BasicTypeRegistry     : Adding type registration java.util.GregorianCalendar -> org.hibernate.type.BasicTypeReference@136fece2
2023-07-16T21:28:17.491-04:00 DEBUG 33815 --- [           main] org.hibernate.type.BasicTypeRegistry     : Adding type registration calendar_date -> org.hibernate.type.BasicTypeReference@56478522
2023-07-16T21:28:17.491-04:00 DEBUG 33815 --- [           main] org.hibernate.type.BasicTypeRegistry     : Adding type registration calendar_time -> org.hibernate.type.BasicTypeReference@3caf5c96
2023-07-16T21:28:17.491-04:00 DEBUG 33815 --- [           main] org.hibernate.type.BasicTypeRegistry     : Adding type registration instant -> org.hibernate.type.BasicTypeReference@5b3755f4
2023-07-16T21:28:17.491-04:00 DEBUG 33815 --- [           main] org.hibernate.type.BasicTypeRegistry     : Adding type registration java.time.Instant -> org.hibernate.type.BasicTypeReference@5b3755f4
2023-07-16T21:28:17.491-04:00 DEBUG 33815 --- [           main] org.hibernate.type.BasicTypeRegistry     : Adding type registration uuid -> org.hibernate.type.BasicTypeReference@37d3aa8c
2023-07-16T21:28:17.491-04:00 DEBUG 33815 --- [           main] org.hibernate.type.BasicTypeRegistry     : Adding type registration java.util.UUID -> org.hibernate.type.BasicTypeReference@37d3aa8c
2023-07-16T21:28:17.491-04:00 DEBUG 33815 --- [           main] org.hibernate.type.BasicTypeRegistry     : Adding type registration pg-uuid -> org.hibernate.type.BasicTypeReference@37d3aa8c
2023-07-16T21:28:17.491-04:00 DEBUG 33815 --- [           main] org.hibernate.type.BasicTypeRegistry     : Adding type registration uuid-binary -> org.hibernate.type.BasicTypeReference@5dd747c1
2023-07-16T21:28:17.491-04:00 DEBUG 33815 --- [           main] org.hibernate.type.BasicTypeRegistry     : Adding type registration uuid-char -> org.hibernate.type.BasicTypeReference@1bdafb01
2023-07-16T21:28:17.491-04:00 DEBUG 33815 --- [           main] org.hibernate.type.BasicTypeRegistry     : Adding type registration class -> org.hibernate.type.BasicTypeReference@7aa3857b
2023-07-16T21:28:17.491-04:00 DEBUG 33815 --- [           main] org.hibernate.type.BasicTypeRegistry     : Adding type registration java.lang.Class -> org.hibernate.type.BasicTypeReference@7aa3857b
2023-07-16T21:28:17.492-04:00 DEBUG 33815 --- [           main] org.hibernate.type.BasicTypeRegistry     : Adding type registration currency -> org.hibernate.type.BasicTypeReference@500ec769
2023-07-16T21:28:17.492-04:00 DEBUG 33815 --- [           main] org.hibernate.type.BasicTypeRegistry     : Adding type registration Currency -> org.hibernate.type.BasicTypeReference@500ec769
2023-07-16T21:28:17.492-04:00 DEBUG 33815 --- [           main] org.hibernate.type.BasicTypeRegistry     : Adding type registration java.util.Currency -> org.hibernate.type.BasicTypeReference@500ec769
2023-07-16T21:28:17.492-04:00 DEBUG 33815 --- [           main] org.hibernate.type.BasicTypeRegistry     : Adding type registration locale -> org.hibernate.type.BasicTypeReference@37806be6
2023-07-16T21:28:17.492-04:00 DEBUG 33815 --- [           main] org.hibernate.type.BasicTypeRegistry     : Adding type registration java.util.Locale -> org.hibernate.type.BasicTypeReference@37806be6
2023-07-16T21:28:17.492-04:00 DEBUG 33815 --- [           main] org.hibernate.type.BasicTypeRegistry     : Adding type registration serializable -> org.hibernate.type.BasicTypeReference@7bce9ce4
2023-07-16T21:28:17.492-04:00 DEBUG 33815 --- [           main] org.hibernate.type.BasicTypeRegistry     : Adding type registration java.io.Serializable -> org.hibernate.type.BasicTypeReference@7bce9ce4
2023-07-16T21:28:17.492-04:00 DEBUG 33815 --- [           main] org.hibernate.type.BasicTypeRegistry     : Adding type registration timezone -> org.hibernate.type.BasicTypeReference@1d2046bb
2023-07-16T21:28:17.492-04:00 DEBUG 33815 --- [           main] org.hibernate.type.BasicTypeRegistry     : Adding type registration java.util.TimeZone -> org.hibernate.type.BasicTypeReference@1d2046bb
2023-07-16T21:28:17.492-04:00 DEBUG 33815 --- [           main] org.hibernate.type.BasicTypeRegistry     : Adding type registration ZoneOffset -> org.hibernate.type.BasicTypeReference@3b33fff9
2023-07-16T21:28:17.492-04:00 DEBUG 33815 --- [           main] org.hibernate.type.BasicTypeRegistry     : Adding type registration java.time.ZoneOffset -> org.hibernate.type.BasicTypeReference@3b33fff9
2023-07-16T21:28:17.492-04:00 DEBUG 33815 --- [           main] org.hibernate.type.BasicTypeRegistry     : Adding type registration url -> org.hibernate.type.BasicTypeReference@fd87c22
2023-07-16T21:28:17.492-04:00 DEBUG 33815 --- [           main] org.hibernate.type.BasicTypeRegistry     : Adding type registration java.net.URL -> org.hibernate.type.BasicTypeReference@fd87c22
2023-07-16T21:28:17.492-04:00 DEBUG 33815 --- [           main] org.hibernate.type.BasicTypeRegistry     : Adding type registration row_version -> org.hibernate.type.BasicTypeReference@fee881
2023-07-16T21:28:17.494-04:00 DEBUG 33815 --- [           main] org.hibernate.type.BasicTypeRegistry     : Adding type registration object -> org.hibernate.type.JavaObjectType@3a8fb023
2023-07-16T21:28:17.494-04:00 DEBUG 33815 --- [           main] org.hibernate.type.BasicTypeRegistry     : Adding type registration java.lang.Object -> org.hibernate.type.JavaObjectType@3a8fb023
2023-07-16T21:28:17.494-04:00 DEBUG 33815 --- [           main] org.hibernate.type.BasicTypeRegistry     : Adding type registration null -> org.hibernate.type.NullType@137a4b54
2023-07-16T21:28:17.494-04:00 DEBUG 33815 --- [           main] org.hibernate.type.BasicTypeRegistry     : Adding type registration imm_date -> org.hibernate.type.BasicTypeReference@7c9372ed
2023-07-16T21:28:17.495-04:00 DEBUG 33815 --- [           main] org.hibernate.type.BasicTypeRegistry     : Adding type registration imm_time -> org.hibernate.type.BasicTypeReference@1acc873b
2023-07-16T21:28:17.495-04:00 DEBUG 33815 --- [           main] org.hibernate.type.BasicTypeRegistry     : Adding type registration imm_timestamp -> org.hibernate.type.BasicTypeReference@dc8b2ff
2023-07-16T21:28:17.495-04:00 DEBUG 33815 --- [           main] org.hibernate.type.BasicTypeRegistry     : Adding type registration imm_calendar -> org.hibernate.type.BasicTypeReference@6a2badb1
2023-07-16T21:28:17.495-04:00 DEBUG 33815 --- [           main] org.hibernate.type.BasicTypeRegistry     : Adding type registration imm_calendar_date -> org.hibernate.type.BasicTypeReference@14201a90
2023-07-16T21:28:17.495-04:00 DEBUG 33815 --- [           main] org.hibernate.type.BasicTypeRegistry     : Adding type registration imm_calendar_time -> org.hibernate.type.BasicTypeReference@1308ef19
2023-07-16T21:28:17.495-04:00 DEBUG 33815 --- [           main] org.hibernate.type.BasicTypeRegistry     : Adding type registration imm_binary -> org.hibernate.type.BasicTypeReference@5b1ff8cd
2023-07-16T21:28:17.495-04:00 DEBUG 33815 --- [           main] org.hibernate.type.BasicTypeRegistry     : Adding type registration imm_serializable -> org.hibernate.type.BasicTypeReference@6cee903a
2023-07-16T21:28:17.508-04:00  INFO 33815 --- [           main] o.h.b.i.BytecodeProviderInitiator        : HHH000021: Bytecode provider name : bytebuddy
2023-07-16T21:28:17.513-04:00  INFO 33815 --- [           main] o.s.o.j.p.SpringPersistenceUnitInfo      : No LoadTimeWeaver setup: ignoring JPA class transformer
2023-07-16T21:28:17.520-04:00  INFO 33815 --- [           main] com.zaxxer.hikari.HikariDataSource       : HikariPool-1 - Starting...
2023-07-16T21:28:17.649-04:00  INFO 33815 --- [           main] com.zaxxer.hikari.pool.HikariPool        : HikariPool-1 - Added connection com.mysql.cj.jdbc.ConnectionImpl@25823192
2023-07-16T21:28:17.650-04:00  INFO 33815 --- [           main] com.zaxxer.hikari.HikariDataSource       : HikariPool-1 - Start completed.
2023-07-16T21:28:17.690-04:00  WARN 33815 --- [           main] org.hibernate.orm.deprecation            : HHH90000026: MySQL8Dialect has been deprecated; use org.hibernate.dialect.MySQLDialect instead
2023-07-16T21:28:17.714-04:00 DEBUG 33815 --- [           main] o.h.t.d.sql.spi.DdlTypeRegistry          : addDescriptor(12, org.hibernate.type.descriptor.sql.internal.CapacityDependentDdlType@5e7e7a7e) replaced previous registration(org.hibernate.type.descriptor.sql.internal.CapacityDependentDdlType@1ff81b0d)
2023-07-16T21:28:17.714-04:00 DEBUG 33815 --- [           main] o.h.t.d.sql.spi.DdlTypeRegistry          : addDescriptor(-9, org.hibernate.type.descriptor.sql.internal.CapacityDependentDdlType@1c610f) replaced previous registration(org.hibernate.type.descriptor.sql.internal.CapacityDependentDdlType@773c7147)
2023-07-16T21:28:17.714-04:00 DEBUG 33815 --- [           main] o.h.t.d.sql.spi.DdlTypeRegistry          : addDescriptor(-3, org.hibernate.type.descriptor.sql.internal.CapacityDependentDdlType@5abc5854) replaced previous registration(org.hibernate.type.descriptor.sql.internal.CapacityDependentDdlType@5c3007d)
2023-07-16T21:28:17.714-04:00 DEBUG 33815 --- [           main] o.h.t.d.sql.spi.DdlTypeRegistry          : addDescriptor(4003, org.hibernate.type.descriptor.sql.internal.DdlTypeImpl@66b40dd3) replaced previous registration(org.hibernate.type.descriptor.sql.internal.DdlTypeImpl@7296fe0b)
2023-07-16T21:28:17.714-04:00 DEBUG 33815 --- [           main] o.h.t.d.sql.spi.DdlTypeRegistry          : addDescriptor(4001, org.hibernate.type.descriptor.sql.internal.DdlTypeImpl@4a5066f5) replaced previous registration(org.hibernate.type.descriptor.sql.internal.DdlTypeImpl@578d472a)
2023-07-16T21:28:17.714-04:00 DEBUG 33815 --- [           main] o.h.t.d.sql.spi.DdlTypeRegistry          : addDescriptor(4002, org.hibernate.type.descriptor.sql.internal.DdlTypeImpl@1191029d) replaced previous registration(org.hibernate.type.descriptor.sql.internal.DdlTypeImpl@54b2d002)
2023-07-16T21:28:17.714-04:00 DEBUG 33815 --- [           main] o.h.t.d.sql.spi.DdlTypeRegistry          : addDescriptor(2004, org.hibernate.type.descriptor.sql.internal.CapacityDependentDdlType@1d1c63af) replaced previous registration(org.hibernate.type.descriptor.sql.internal.DdlTypeImpl@2095c331)
2023-07-16T21:28:17.714-04:00 DEBUG 33815 --- [           main] o.h.t.d.sql.spi.DdlTypeRegistry          : addDescriptor(2005, org.hibernate.type.descriptor.sql.internal.CapacityDependentDdlType@3909a854) replaced previous registration(org.hibernate.type.descriptor.sql.internal.DdlTypeImpl@7b795db7)
2023-07-16T21:28:17.714-04:00 DEBUG 33815 --- [           main] o.h.t.d.sql.spi.DdlTypeRegistry          : addDescriptor(2011, org.hibernate.type.descriptor.sql.internal.CapacityDependentDdlType@586486c) replaced previous registration(org.hibernate.type.descriptor.sql.internal.DdlTypeImpl@b849fa6)
2023-07-16T21:28:17.715-04:00 DEBUG 33815 --- [           main] o.h.t.d.jdbc.spi.JdbcTypeRegistry        : addDescriptor(NCharTypeDescriptor) replaced previous registration(CharTypeDescriptor)
2023-07-16T21:28:17.715-04:00 DEBUG 33815 --- [           main] o.h.t.d.jdbc.spi.JdbcTypeRegistry        : addDescriptor(NVarcharTypeDescriptor) replaced previous registration(VarcharTypeDescriptor)
2023-07-16T21:28:17.715-04:00 DEBUG 33815 --- [           main] o.h.t.d.jdbc.spi.JdbcTypeRegistry        : addDescriptor(LongNVarcharTypeDescriptor) replaced previous registration(LongVarcharTypeDescriptor)
2023-07-16T21:28:17.716-04:00 DEBUG 33815 --- [           main] o.h.t.d.jdbc.spi.JdbcTypeRegistry        : addDescriptor(NClobTypeDescriptor(DEFAULT)) replaced previous registration(ClobTypeDescriptor(DEFAULT))
2023-07-16T21:28:17.716-04:00 DEBUG 33815 --- [           main] o.h.t.d.jdbc.spi.JdbcTypeRegistry        : addDescriptor(2005, ClobTypeDescriptor(STREAM_BINDING)) replaced previous registration(ClobTypeDescriptor(DEFAULT))
2023-07-16T21:28:17.717-04:00 DEBUG 33815 --- [           main] org.hibernate.type.BasicTypeRegistry     : Adding type registration null -> org.hibernate.type.NullType@4a2d66e
2023-07-16T21:28:17.717-04:00 DEBUG 33815 --- [           main] org.hibernate.type.BasicTypeRegistry     : Type registration key [null] overrode previous entry : `org.hibernate.type.NullType@137a4b54`
2023-07-16T21:28:17.719-04:00 DEBUG 33815 --- [           main] org.hibernate.type.BasicTypeRegistry     : Adding type registration org.hibernate.type.OffsetDateTimeType -> basicType@1(java.time.OffsetDateTime,3003)
2023-07-16T21:28:17.720-04:00 DEBUG 33815 --- [           main] org.hibernate.type.BasicTypeRegistry     : Adding type registration OffsetDateTime -> basicType@1(java.time.OffsetDateTime,3003)
2023-07-16T21:28:17.720-04:00 DEBUG 33815 --- [           main] org.hibernate.type.BasicTypeRegistry     : Adding type registration java.time.OffsetDateTime -> basicType@1(java.time.OffsetDateTime,3003)
2023-07-16T21:28:17.720-04:00 DEBUG 33815 --- [           main] org.hibernate.type.BasicTypeRegistry     : Adding type registration org.hibernate.type.ZonedDateTimeType -> basicType@2(java.time.ZonedDateTime,3003)
2023-07-16T21:28:17.720-04:00 DEBUG 33815 --- [           main] org.hibernate.type.BasicTypeRegistry     : Adding type registration ZonedDateTime -> basicType@2(java.time.ZonedDateTime,3003)
2023-07-16T21:28:17.720-04:00 DEBUG 33815 --- [           main] org.hibernate.type.BasicTypeRegistry     : Adding type registration java.time.ZonedDateTime -> basicType@2(java.time.ZonedDateTime,3003)
2023-07-16T21:28:17.720-04:00 DEBUG 33815 --- [           main] org.hibernate.type.BasicTypeRegistry     : Adding type registration org.hibernate.type.OffsetTimeType -> basicType@3(java.time.OffsetTime,3007)
2023-07-16T21:28:17.720-04:00 DEBUG 33815 --- [           main] org.hibernate.type.BasicTypeRegistry     : Adding type registration OffsetTime -> basicType@3(java.time.OffsetTime,3007)
2023-07-16T21:28:17.720-04:00 DEBUG 33815 --- [           main] org.hibernate.type.BasicTypeRegistry     : Adding type registration java.time.OffsetTime -> basicType@3(java.time.OffsetTime,3007)
2023-07-16T21:28:17.720-04:00 DEBUG 33815 --- [           main] o.h.type.spi.TypeConfiguration$Scope     : Scoping TypeConfiguration [org.hibernate.type.spi.TypeConfiguration@6eb5b9e7] to MetadataBuildingContext [org.hibernate.boot.internal.MetadataBuildingContextRootImpl@77e730bd]
2023-07-16T21:28:17.802-04:00  WARN 33815 --- [           main] o.h.boot.model.internal.EntityBinder     : HHH000139: Illegal use of @Table in a subclass of a SINGLE_TABLE hierarchy: com.buffettinc.hrms.model.employee.Accountant
2023-07-16T21:28:17.804-04:00  WARN 33815 --- [           main] o.h.boot.model.internal.EntityBinder     : HHH000139: Illegal use of @Table in a subclass of a SINGLE_TABLE hierarchy: com.buffettinc.hrms.model.employee.HRStaff
2023-07-16T21:28:17.806-04:00  WARN 33815 --- [           main] o.h.boot.model.internal.EntityBinder     : HHH000139: Illegal use of @Table in a subclass of a SINGLE_TABLE hierarchy: com.buffettinc.hrms.model.employee.Manager
2023-07-16T21:28:17.894-04:00  INFO 33815 --- [           main] o.h.b.i.BytecodeProviderInitiator        : HHH000021: Bytecode provider name : bytebuddy
2023-07-16T21:28:18.301-04:00  INFO 33815 --- [           main] o.h.e.t.j.p.i.JtaPlatformInitiator       : HHH000490: Using JtaPlatform implementation: [org.hibernate.engine.transaction.jta.platform.internal.NoJtaPlatform]
2023-07-16T21:28:18.301-04:00 DEBUG 33815 --- [           main] o.h.type.spi.TypeConfiguration$Scope     : Scoping TypeConfiguration [org.hibernate.type.spi.TypeConfiguration@6eb5b9e7] to SessionFactoryImplementor [org.hibernate.internal.SessionFactoryImpl@755a4ef5]
2023-07-16T21:28:18.354-04:00 DEBUG 33815 --- [           main] org.hibernate.SQL                        : alter table message modify column timestamp  datetime(6)
Hibernate: alter table message modify column timestamp  datetime(6)
2023-07-16T21:28:18.364-04:00 DEBUG 33815 --- [           main] org.hibernate.SQL                        : alter table notification modify column timestamp  datetime(6)
Hibernate: alter table notification modify column timestamp  datetime(6)
2023-07-16T21:28:18.367-04:00 DEBUG 33815 --- [           main] org.hibernate.SQL                        : alter table payment modify column amount  float(23)
Hibernate: alter table payment modify column amount  float(23)
2023-07-16T21:28:18.371-04:00 DEBUG 33815 --- [           main] org.hibernate.SQL                        : alter table payroll modify column hourly_rate  float(23)
Hibernate: alter table payroll modify column hourly_rate  float(23)
2023-07-16T21:28:18.376-04:00 DEBUG 33815 --- [           main] org.hibernate.SQL                        : alter table ptobalance modify column personal  float(23)
Hibernate: alter table ptobalance modify column personal  float(23)
2023-07-16T21:28:18.381-04:00 DEBUG 33815 --- [           main] org.hibernate.SQL                        : alter table ptobalance modify column sick  float(23)
Hibernate: alter table ptobalance modify column sick  float(23)
2023-07-16T21:28:18.384-04:00 DEBUG 33815 --- [           main] org.hibernate.SQL                        : alter table ptobalance modify column vacation  float(23)
Hibernate: alter table ptobalance modify column vacation  float(23)
2023-07-16T21:28:18.393-04:00 DEBUG 33815 --- [           main] org.hibernate.SQL                        : alter table shift_entry modify column end  datetime(6)
Hibernate: alter table shift_entry modify column end  datetime(6)
2023-07-16T21:28:18.399-04:00 DEBUG 33815 --- [           main] org.hibernate.SQL                        : alter table shift_entry modify column start  datetime(6)
Hibernate: alter table shift_entry modify column start  datetime(6)
2023-07-16T21:28:18.492-04:00 TRACE 33815 --- [           main] o.h.type.spi.TypeConfiguration$Scope     : Handling #sessionFactoryCreated from [org.hibernate.internal.SessionFactoryImpl@755a4ef5] for TypeConfiguration
2023-07-16T21:28:18.492-04:00  INFO 33815 --- [           main] j.LocalContainerEntityManagerFactoryBean : Initialized JPA EntityManagerFactory for persistence unit 'default'
2023-07-16T21:28:18.990-04:00  WARN 33815 --- [           main] JpaBaseConfiguration$JpaWebConfiguration : spring.jpa.open-in-view is enabled by default. Therefore, database queries may be performed during view rendering. Explicitly configure spring.jpa.open-in-view to disable this warning
2023-07-16T21:28:19.076-04:00  INFO 33815 --- [           main] o.s.b.a.w.s.WelcomePageHandlerMapping    : Adding welcome page template: index
2023-07-16T21:28:19.199-04:00  WARN 33815 --- [           main] .s.s.UserDetailsServiceAutoConfiguration : 

Using generated security password: 57779ce8-b045-435a-9f5f-f43bd012697b

This generated password is for development use only. Your security configuration must be updated before running your application in production.

2023-07-16T21:28:19.276-04:00  INFO 33815 --- [           main] o.s.s.web.DefaultSecurityFilterChain     : Will secure any request with [org.springframework.security.web.session.DisableEncodeUrlFilter@72e5f018, org.springframework.security.web.context.request.async.WebAsyncManagerIntegrationFilter@74ee8f57, org.springframework.security.web.context.SecurityContextHolderFilter@4ca37d40, org.springframework.security.web.header.HeaderWriterFilter@5a2ce458, org.springframework.security.web.csrf.CsrfFilter@55c75b72, org.springframework.security.web.authentication.logout.LogoutFilter@cc41d2d, org.springframework.security.web.authentication.UsernamePasswordAuthenticationFilter@2296ed0d, org.springframework.security.web.authentication.ui.DefaultLoginPageGeneratingFilter@53c68ea5, org.springframework.security.web.authentication.ui.DefaultLogoutPageGeneratingFilter@10522dfd, org.springframework.security.web.authentication.www.BasicAuthenticationFilter@52aa84ef, org.springframework.security.web.savedrequest.RequestCacheAwareFilter@1d63c523, org.springframework.security.web.servletapi.SecurityContextHolderAwareRequestFilter@43b41cb9, org.springframework.security.web.authentication.AnonymousAuthenticationFilter@17d6b6e, org.springframework.security.web.access.ExceptionTranslationFilter@19cee7ed, org.springframework.security.web.access.intercept.AuthorizationFilter@6ce365b7]
2023-07-16T21:28:19.296-04:00  INFO 33815 --- [           main] c.buffettinc.hrms.HrmsApplicationTests   : Started HrmsApplicationTests in 2.671 seconds (process running for 3.904)
]]></system-out>
  </testcase>
</testsuite>